have_library: checking for db_version() in -ldb-4.7... -------------------- yes

"gcc -o conftest -I/usr/local/include/ruby-1.9.1/x86_64-linux -I/usr/local/include/ruby-1.9.1/ruby/backward -I/usr/local/include/ruby-1.9.1 -I.     -O2 -g -Wall -Wno-parentheses conftest.c  -L. -L/usr/local/lib -Wl,-R/usr/local/lib -L.  -rdynamic -Wl,-export-dynamic     -Wl,-R -Wl,/usr/local/lib -L/usr/local/lib -lruby-static  -lpthread -lrt -ldl -lcrypt -lm   -lc"
checked program was:
/* begin */
1: #include "ruby.h"
2: 
3: int main() {return 0;}
/* end */

"gcc -o conftest -I/usr/local/include/ruby-1.9.1/x86_64-linux -I/usr/local/include/ruby-1.9.1/ruby/backward -I/usr/local/include/ruby-1.9.1 -I.     -O2 -g -Wall -Wno-parentheses conftest.c  -L. -L/usr/local/lib -Wl,-R/usr/local/lib -L.  -rdynamic -Wl,-export-dynamic     -Wl,-R -Wl,/usr/local/lib -L/usr/local/lib -lruby-static -ldb-4.7  -lpthread -lrt -ldl -lcrypt -lm   -lc"
checked program was:
/* begin */
1: #include "ruby.h"
2: 
3: #include <db.h>
4: 
5: /*top*/
6: int main() {return 0;}
7: int t() { void ((*volatile p)()); p = (void ((*)()))db_version; return 0; }
/* end */

--------------------

